Build started 10/7/2013 9:40:15 AM.
     1>Project "C:\Users\Owner\Downloads\MeshDataStructure_VectorLibrary_FileReader\VectorLib_ObjLoader_Demo.vcxproj" on node 2 (Build target(s)).
     1>ClCompile:
         C:\Program Files (x86)\Microsoft Visual Studio 11.0\VC\bin\CL.exe /c /I.\ilmbase\inc\half /I.\ilmbase\inc\ilmthread /I.\ilmbase\inc\iex /I.\ilmbase\inc\imath /Zi /nologo /W3 /WX- /O2 /Oy- /GL /D WIN32 /D NDEBUG /D _CONSOLE /D _UNICODE /D UNICODE /Gm- /EHsc /MD /GS /fp:precise /Zc:wchar_t /Zc:forScope /Fo"Release\\" /Fd"Release\vc110.pdb" /Gd /TP /analyze- /errorReport:prompt Loaders.cpp main.cpp
         Loaders.cpp
     1>Loaders.cpp(10): warning C4996: 'sscanf': This function or variable may be unsafe. Consider using sscanf_s instead. To disable deprecation, use _CRT_SECURE_NO_WARNINGS. See online help for details.
                 C:\Program Files (x86)\Microsoft Visual Studio 11.0\VC\include\stdio.h(311) : see declaration of 'sscanf'
     1>Loaders.cpp(69): warning C4996: 'sscanf': This function or variable may be unsafe. Consider using sscanf_s instead. To disable deprecation, use _CRT_SECURE_NO_WARNINGS. See online help for details.
                 C:\Program Files (x86)\Microsoft Visual Studio 11.0\VC\include\stdio.h(311) : see declaration of 'sscanf'
     1>Loaders.cpp(75): warning C4996: 'sscanf': This function or variable may be unsafe. Consider using sscanf_s instead. To disable deprecation, use _CRT_SECURE_NO_WARNINGS. See online help for details.
                 C:\Program Files (x86)\Microsoft Visual Studio 11.0\VC\include\stdio.h(311) : see declaration of 'sscanf'
     1>Loaders.cpp(80): warning C4996: 'sscanf': This function or variable may be unsafe. Consider using sscanf_s instead. To disable deprecation, use _CRT_SECURE_NO_WARNINGS. See online help for details.
                 C:\Program Files (x86)\Microsoft Visual Studio 11.0\VC\include\stdio.h(311) : see declaration of 'sscanf'
         main.cpp
     1>main.cpp(32): warning C4305: 'initializing' : truncation from 'double' to 'GLfloat'
     1>main.cpp(241): warning C4244: '=' : conversion from 'double' to 'GLfloat', possible loss of data
     1>main.cpp(335): warning C4244: '+=' : conversion from 'double' to 'float', possible loss of data
     1>main.cpp(336): warning C4244: '+=' : conversion from 'double' to 'float', possible loss of data
     1>main.cpp(343): warning C4244: '+=' : conversion from 'double' to 'float', possible loss of data
     1>main.cpp(345): warning C4305: '=' : truncation from 'double' to 'float'
       Link:
         C:\Program Files (x86)\Microsoft Visual Studio 11.0\VC\bin\link.exe /ERRORREPORT:PROMPT /OUT:"C:\Users\Owner\Downloads\MeshDataStructure_VectorLibrary_FileReader\Release\VectorLib_ObjLoader_Demo.exe" /INCREMENTAL:NO /NOLOGO kernel32.lib user32.lib gdi32.lib winspool.lib comdlg32.lib advapi32.lib shell32.lib ole32.lib oleaut32.lib uuid.lib odbc32.lib odbccp32.lib /MANIFEST /MANIFESTUAC:"level='asInvoker' uiAccess='false'" /manifest:embed /DEBUG /PDB:"C:\Users\Owner\Downloads\MeshDataStructure_VectorLibrary_FileReader\Release\VectorLib_ObjLoader_Demo.pdb" /SUBSYSTEM:CONSOLE /OPT:REF /OPT:ICF /LTCG /TLBID:1 /DYNAMICBASE:NO /IMPLIB:"C:\Users\Owner\Downloads\MeshDataStructure_VectorLibrary_FileReader\Release\VectorLib_ObjLoader_Demo.lib" /MACHINE:X86 /SAFESEH Release\Loaders.obj
         Release\main.obj
         Generating code
         Finished generating code
     1>LINK : fatal error LNK1207: incompatible PDB format in 'C:\Users\Owner\Downloads\MeshDataStructure_VectorLibrary_FileReader\Release\VectorLib_ObjLoader_Demo.pdb'; delete and rebuild
     1>Done Building Project "C:\Users\Owner\Downloads\MeshDataStructure_VectorLibrary_FileReader\VectorLib_ObjLoader_Demo.vcxproj" (Build target(s)) -- FAILED.

Build FAILED.

Time Elapsed 00:00:03.75
