C:\USERS\AHSIA1\DESKTOP\CSE470_ASSIGNMENT3\CSE470_ASSIGNMENT3\CSE470_ASSIGNMENT3\CSE470_ASSIGNMENT3\ASSIGNMENT3\DEBUG\FREEGLUT_EXT.OBJ
C:\USERS\AHSIA1\DESKTOP\CSE470_ASSIGNMENT3\CSE470_ASSIGNMENT3\CSE470_ASSIGNMENT3\CSE470_ASSIGNMENT3\ASSIGNMENT3\DEBUG\FREEGLUT_FONT.OBJ
C:\USERS\AHSIA1\DESKTOP\CSE470_ASSIGNMENT3\CSE470_ASSIGNMENT3\CSE470_ASSIGNMENT3\CSE470_ASSIGNMENT3\ASSIGNMENT3\DEBUG\FREEGLUT_FONT_DATA.OBJ
C:\USERS\AHSIA1\DESKTOP\CSE470_ASSIGNMENT3\CSE470_ASSIGNMENT3\CSE470_ASSIGNMENT3\CSE470_ASSIGNMENT3\ASSIGNMENT3\DEBUG\FREEGLUT_GAMEMODE.OBJ
C:\USERS\AHSIA1\DESKTOP\CSE470_ASSIGNMENT3\CSE470_ASSIGNMENT3\CSE470_ASSIGNMENT3\CSE470_ASSIGNMENT3\ASSIGNMENT3\DEBUG\FREEGLUT_GEOMETRY.OBJ
C:\USERS\AHSIA1\DESKTOP\CSE470_ASSIGNMENT3\CSE470_ASSIGNMENT3\CSE470_ASSIGNMENT3\CSE470_ASSIGNMENT3\ASSIGNMENT3\DEBUG\FREEGLUT_GLUTFONT_DEFINITIONS.OBJ
C:\USERS\AHSIA1\DESKTOP\CSE470_ASSIGNMENT3\CSE470_ASSIGNMENT3\CSE470_ASSIGNMENT3\CSE470_ASSIGNMENT3\ASSIGNMENT3\DEBUG\FREEGLUT_INIT.OBJ
C:\USERS\AHSIA1\DESKTOP\CSE470_ASSIGNMENT3\CSE470_ASSIGNMENT3\CSE470_ASSIGNMENT3\CSE470_ASSIGNMENT3\ASSIGNMENT3\DEBUG\FREEGLUT_JOYSTICK.OBJ
C:\USERS\AHSIA1\DESKTOP\CSE470_ASSIGNMENT3\CSE470_ASSIGNMENT3\CSE470_ASSIGNMENT3\CSE470_ASSIGNMENT3\ASSIGNMENT3\DEBUG\FREEGLUT_MAIN.OBJ
C:\USERS\AHSIA1\DESKTOP\CSE470_ASSIGNMENT3\CSE470_ASSIGNMENT3\CSE470_ASSIGNMENT3\CSE470_ASSIGNMENT3\ASSIGNMENT3\DEBUG\FREEGLUT_MENU.OBJ
C:\USERS\AHSIA1\DESKTOP\CSE470_ASSIGNMENT3\CSE470_ASSIGNMENT3\CSE470_ASSIGNMENT3\CSE470_ASSIGNMENT3\ASSIGNMENT3\DEBUG\FREEGLUT_MISC.OBJ
C:\USERS\AHSIA1\DESKTOP\CSE470_ASSIGNMENT3\CSE470_ASSIGNMENT3\CSE470_ASSIGNMENT3\CSE470_ASSIGNMENT3\ASSIGNMENT3\DEBUG\FREEGLUT_OVERLAY.OBJ
C:\USERS\AHSIA1\DESKTOP\CSE470_ASSIGNMENT3\CSE470_ASSIGNMENT3\CSE470_ASSIGNMENT3\CSE470_ASSIGNMENT3\ASSIGNMENT3\DEBUG\FREEGLUT_STATE.OBJ
C:\USERS\AHSIA1\DESKTOP\CSE470_ASSIGNMENT3\CSE470_ASSIGNMENT3\CSE470_ASSIGNMENT3\CSE470_ASSIGNMENT3\ASSIGNMENT3\DEBUG\FREEGLUT_STROKE_MONO_ROMAN.OBJ
C:\USERS\AHSIA1\DESKTOP\CSE470_ASSIGNMENT3\CSE470_ASSIGNMENT3\CSE470_ASSIGNMENT3\CSE470_ASSIGNMENT3\ASSIGNMENT3\DEBUG\FREEGLUT_STROKE_ROMAN.OBJ
C:\USERS\AHSIA1\DESKTOP\CSE470_ASSIGNMENT3\CSE470_ASSIGNMENT3\CSE470_ASSIGNMENT3\CSE470_ASSIGNMENT3\ASSIGNMENT3\DEBUG\FREEGLUT_STRUCTURE.OBJ
C:\USERS\AHSIA1\DESKTOP\CSE470_ASSIGNMENT3\CSE470_ASSIGNMENT3\CSE470_ASSIGNMENT3\CSE470_ASSIGNMENT3\ASSIGNMENT3\DEBUG\FREEGLUT_TEAPOT.OBJ
C:\USERS\AHSIA1\DESKTOP\CSE470_ASSIGNMENT3\CSE470_ASSIGNMENT3\CSE470_ASSIGNMENT3\CSE470_ASSIGNMENT3\ASSIGNMENT3\DEBUG\FREEGLUT_VIDEORESIZE.OBJ
C:\USERS\AHSIA1\DESKTOP\CSE470_ASSIGNMENT3\CSE470_ASSIGNMENT3\CSE470_ASSIGNMENT3\CSE470_ASSIGNMENT3\ASSIGNMENT3\DEBUG\FREEGLUT_WINDOW.OBJ
C:\USERS\AHSIA1\DESKTOP\CSE470_ASSIGNMENT3\CSE470_ASSIGNMENT3\CSE470_ASSIGNMENT3\CSE470_ASSIGNMENT3\ASSIGNMENT3\DEBUG\STB_IMAGE.OBJ
C:\USERS\AHSIA1\DESKTOP\CSE470_ASSIGNMENT3\CSE470_ASSIGNMENT3\CSE470_ASSIGNMENT3\CSE470_ASSIGNMENT3\ASSIGNMENT3\DEBUG\GLEW.OBJ
C:\USERS\AHSIA1\DESKTOP\CSE470_ASSIGNMENT3\CSE470_ASSIGNMENT3\CSE470_ASSIGNMENT3\CSE470_ASSIGNMENT3\ASSIGNMENT3\DEBUG\FREEGLUT_CALLBACKS.OBJ
C:\USERS\AHSIA1\DESKTOP\CSE470_ASSIGNMENT3\CSE470_ASSIGNMENT3\CSE470_ASSIGNMENT3\CSE470_ASSIGNMENT3\ASSIGNMENT3\DEBUG\FREEGLUT_CURSOR.OBJ
C:\USERS\AHSIA1\DESKTOP\CSE470_ASSIGNMENT3\CSE470_ASSIGNMENT3\CSE470_ASSIGNMENT3\CSE470_ASSIGNMENT3\ASSIGNMENT3\DEBUG\FREEGLUT_DISPLAY.OBJ
C:\USERS\AHSIA1\DESKTOP\CSE470_ASSIGNMENT3\CSE470_ASSIGNMENT3\CSE470_ASSIGNMENT3\CSE470_ASSIGNMENT3\ASSIGNMENT3\DEBUG\VC110.PDB
C:\USERS\AHSIA1\DESKTOP\CSE470_ASSIGNMENT3\CSE470_ASSIGNMENT3\CSE470_ASSIGNMENT3\CSE470_ASSIGNMENT3\ASSIGNMENT3\DEBUG\GLAPPLICATION.OBJ
C:\USERS\AHSIA1\DESKTOP\CSE470_ASSIGNMENT3\CSE470_ASSIGNMENT3\CSE470_ASSIGNMENT3\CSE470_ASSIGNMENT3\ASSIGNMENT3\DEBUG\GLSL.OBJ
C:\USERS\AHSIA1\DESKTOP\CSE470_ASSIGNMENT3\CSE470_ASSIGNMENT3\CSE470_ASSIGNMENT3\CSE470_ASSIGNMENT3\ASSIGNMENT3\DEBUG\GLUTWINDOW.OBJ
C:\USERS\AHSIA1\DESKTOP\CSE470_ASSIGNMENT3\CSE470_ASSIGNMENT3\CSE470_ASSIGNMENT3\CSE470_ASSIGNMENT3\ASSIGNMENT3\DEBUG\GLWINDOW.OBJ
C:\USERS\AHSIA1\DESKTOP\CSE470_ASSIGNMENT3\CSE470_ASSIGNMENT3\CSE470_ASSIGNMENT3\CSE470_ASSIGNMENT3\ASSIGNMENT3\DEBUG\MAIN.OBJ
C:\USERS\AHSIA1\DESKTOP\CSE470_ASSIGNMENT3\CSE470_ASSIGNMENT3\CSE470_ASSIGNMENT3\CSE470_ASSIGNMENT3\ASSIGNMENT3\DEBUG\TEMPLATEPROJECT.ILK
C:\USERS\AHSIA1\DESKTOP\CSE470_ASSIGNMENT3\CSE470_ASSIGNMENT3\CSE470_ASSIGNMENT3\CSE470_ASSIGNMENT3\ASSIGNMENT3\DEBUG\TEMPLATEPROJECT.EXE
C:\USERS\AHSIA1\DESKTOP\CSE470_ASSIGNMENT3\CSE470_ASSIGNMENT3\CSE470_ASSIGNMENT3\CSE470_ASSIGNMENT3\ASSIGNMENT3\DEBUG\TEMPLATEPROJECT.PDB
C:\Users\ahsia1\Desktop\CSE470_Assignment3\CSE470_Assignment3\CSE470_Assignment3\CSE470_Assignment3\Assignment3\Debug\freeglut_callbacks.obj
C:\Users\ahsia1\Desktop\CSE470_Assignment3\CSE470_Assignment3\CSE470_Assignment3\CSE470_Assignment3\Assignment3\Debug\freeglut_cursor.obj
C:\Users\ahsia1\Desktop\CSE470_Assignment3\CSE470_Assignment3\CSE470_Assignment3\CSE470_Assignment3\Assignment3\Debug\freeglut_display.obj
C:\Users\ahsia1\Desktop\CSE470_Assignment3\CSE470_Assignment3\CSE470_Assignment3\CSE470_Assignment3\Assignment3\Debug\freeglut_ext.obj
C:\Users\ahsia1\Desktop\CSE470_Assignment3\CSE470_Assignment3\CSE470_Assignment3\CSE470_Assignment3\Assignment3\Debug\freeglut_font.obj
C:\Users\ahsia1\Desktop\CSE470_Assignment3\CSE470_Assignment3\CSE470_Assignment3\CSE470_Assignment3\Assignment3\Debug\freeglut_font_data.obj
C:\Users\ahsia1\Desktop\CSE470_Assignment3\CSE470_Assignment3\CSE470_Assignment3\CSE470_Assignment3\Assignment3\Debug\freeglut_gamemode.obj
C:\Users\ahsia1\Desktop\CSE470_Assignment3\CSE470_Assignment3\CSE470_Assignment3\CSE470_Assignment3\Assignment3\Debug\freeglut_geometry.obj
C:\Users\ahsia1\Desktop\CSE470_Assignment3\CSE470_Assignment3\CSE470_Assignment3\CSE470_Assignment3\Assignment3\Debug\freeglut_glutfont_definitions.obj
C:\Users\ahsia1\Desktop\CSE470_Assignment3\CSE470_Assignment3\CSE470_Assignment3\CSE470_Assignment3\Assignment3\Debug\freeglut_init.obj
C:\Users\ahsia1\Desktop\CSE470_Assignment3\CSE470_Assignment3\CSE470_Assignment3\CSE470_Assignment3\Assignment3\Debug\freeglut_joystick.obj
C:\Users\ahsia1\Desktop\CSE470_Assignment3\CSE470_Assignment3\CSE470_Assignment3\CSE470_Assignment3\Assignment3\Debug\freeglut_main.obj
C:\Users\ahsia1\Desktop\CSE470_Assignment3\CSE470_Assignment3\CSE470_Assignment3\CSE470_Assignment3\Assignment3\Debug\freeglut_menu.obj
C:\Users\ahsia1\Desktop\CSE470_Assignment3\CSE470_Assignment3\CSE470_Assignment3\CSE470_Assignment3\Assignment3\Debug\freeglut_misc.obj
C:\Users\ahsia1\Desktop\CSE470_Assignment3\CSE470_Assignment3\CSE470_Assignment3\CSE470_Assignment3\Assignment3\Debug\freeglut_overlay.obj
C:\Users\ahsia1\Desktop\CSE470_Assignment3\CSE470_Assignment3\CSE470_Assignment3\CSE470_Assignment3\Assignment3\Debug\freeglut_state.obj
C:\Users\ahsia1\Desktop\CSE470_Assignment3\CSE470_Assignment3\CSE470_Assignment3\CSE470_Assignment3\Assignment3\Debug\freeglut_stroke_mono_roman.obj
C:\Users\ahsia1\Desktop\CSE470_Assignment3\CSE470_Assignment3\CSE470_Assignment3\CSE470_Assignment3\Assignment3\Debug\freeglut_stroke_roman.obj
C:\Users\ahsia1\Desktop\CSE470_Assignment3\CSE470_Assignment3\CSE470_Assignment3\CSE470_Assignment3\Assignment3\Debug\freeglut_structure.obj
C:\Users\ahsia1\Desktop\CSE470_Assignment3\CSE470_Assignment3\CSE470_Assignment3\CSE470_Assignment3\Assignment3\Debug\freeglut_teapot.obj
C:\Users\ahsia1\Desktop\CSE470_Assignment3\CSE470_Assignment3\CSE470_Assignment3\CSE470_Assignment3\Assignment3\Debug\freeglut_videoresize.obj
C:\Users\ahsia1\Desktop\CSE470_Assignment3\CSE470_Assignment3\CSE470_Assignment3\CSE470_Assignment3\Assignment3\Debug\freeglut_window.obj
C:\Users\ahsia1\Desktop\CSE470_Assignment3\CSE470_Assignment3\CSE470_Assignment3\CSE470_Assignment3\Assignment3\Debug\glApplication.obj
C:\Users\ahsia1\Desktop\CSE470_Assignment3\CSE470_Assignment3\CSE470_Assignment3\CSE470_Assignment3\Assignment3\Debug\glew.obj
C:\Users\ahsia1\Desktop\CSE470_Assignment3\CSE470_Assignment3\CSE470_Assignment3\CSE470_Assignment3\Assignment3\Debug\glsl.obj
C:\Users\ahsia1\Desktop\CSE470_Assignment3\CSE470_Assignment3\CSE470_Assignment3\CSE470_Assignment3\Assignment3\Debug\glutwindow.obj
C:\Users\ahsia1\Desktop\CSE470_Assignment3\CSE470_Assignment3\CSE470_Assignment3\CSE470_Assignment3\Assignment3\Debug\glWindow.obj
C:\Users\ahsia1\Desktop\CSE470_Assignment3\CSE470_Assignment3\CSE470_Assignment3\CSE470_Assignment3\Assignment3\Debug\stb_image.obj
C:\Users\ahsia1\Desktop\CSE470_Assignment3\CSE470_Assignment3\CSE470_Assignment3\CSE470_Assignment3\Assignment3\Debug\TemplateProject.ilk
C:\Users\ahsia1\Desktop\CSE470_Assignment3\CSE470_Assignment3\CSE470_Assignment3\CSE470_Assignment3\Assignment3\Debug\cl.command.1.tlog
C:\Users\ahsia1\Desktop\CSE470_Assignment3\CSE470_Assignment3\CSE470_Assignment3\CSE470_Assignment3\Assignment3\Debug\CL.read.1.tlog
C:\Users\ahsia1\Desktop\CSE470_Assignment3\CSE470_Assignment3\CSE470_Assignment3\CSE470_Assignment3\Assignment3\Debug\CL.write.1.tlog
C:\Users\ahsia1\Desktop\CSE470_Assignment3\CSE470_Assignment3\CSE470_Assignment3\CSE470_Assignment3\Assignment3\Debug\link-cvtres.read.1.tlog
C:\Users\ahsia1\Desktop\CSE470_Assignment3\CSE470_Assignment3\CSE470_Assignment3\CSE470_Assignment3\Assignment3\Debug\link-cvtres.write.1.tlog
C:\Users\ahsia1\Desktop\CSE470_Assignment3\CSE470_Assignment3\CSE470_Assignment3\CSE470_Assignment3\Assignment3\Debug\link-rc.read.1.tlog
C:\Users\ahsia1\Desktop\CSE470_Assignment3\CSE470_Assignment3\CSE470_Assignment3\CSE470_Assignment3\Assignment3\Debug\link-rc.write.1.tlog
C:\Users\ahsia1\Desktop\CSE470_Assignment3\CSE470_Assignment3\CSE470_Assignment3\CSE470_Assignment3\Assignment3\Debug\link.command.1.tlog
C:\Users\ahsia1\Desktop\CSE470_Assignment3\CSE470_Assignment3\CSE470_Assignment3\CSE470_Assignment3\Assignment3\Debug\link.read.1.tlog
C:\Users\ahsia1\Desktop\CSE470_Assignment3\CSE470_Assignment3\CSE470_Assignment3\CSE470_Assignment3\Assignment3\Debug\link.write.1.tlog
C:\Users\ahsia1\Desktop\CSE470_Assignment3\CSE470_Assignment3\CSE470_Assignment3\CSE470_Assignment3\Assignment3\Debug\vc110.idb
C:\Users\ahsia1\Desktop\CSE470_Assignment3\CSE470_Assignment3\CSE470_Assignment3\CSE470_Assignment3\Assignment3\Debug\TemplateProject.pdb
C:\Users\ahsia1\Desktop\CSE470_Assignment3\CSE470_Assignment3\CSE470_Assignment3\CSE470_Assignment3\Assignment3\Debug\vc110.pdb
C:\Users\ahsia1\Desktop\CSE470_Assignment3\CSE470_Assignment3\CSE470_Assignment3\CSE470_Assignment3\Assignment3\Debug\TemplateProject.exe
